# JRE version: OpenJDK Runtime Environment (8.0_302-b08) (build 1.8.0_302-b08)
# Java VM: OpenJDK 64-Bit Server VM (25.302-b08 mixed mode windows-amd64 compressed oops)
Heap:
 PSYoungGen      total 494080K, used 474345K [0x00000000d5580000, 0x00000000f7980000, 0x0000000100000000)
  eden space 459776K, 100% used [0x00000000d5580000,0x00000000f1680000,0x00000000f1680000)
  from space 34304K, 42% used [0x00000000f1680000,0x00000000f24ba758,0x00000000f3800000)
  to   space 32768K, 99% used [0x00000000f5980000,0x00000000f797bc50,0x00000000f7980000)
 ParOldGen       total 135168K, used 107379K [0x0000000080000000, 0x0000000088400000, 0x00000000d5580000)
  object space 135168K, 79% used [0x0000000080000000,0x00000000868de5c8,0x0000000088400000)
 Metaspace       used 115934K, capacity 121193K, committed 121496K, reserved 1155072K
  class space    used 14705K, capacity 15762K, committed 15768K, reserved 1048576K
GC Heap History (10 events):
Event: 857.826 GC heap after
Heap after GC invocations=29 (full 4):
 PSYoungGen      total 404992K, used 23020K [0x00000000d5580000, 0x00000000f3280000, 0x0000000100000000)
  eden space 381952K, 0% used [0x00000000d5580000,0x00000000d5580000,0x00000000eca80000)
  from space 23040K, 99% used [0x00000000eca80000,0x00000000ee0fb0e0,0x00000000ee100000)
  to   space 29696K, 0% used [0x00000000f1580000,0x00000000f1580000,0x00000000f3280000)
 ParOldGen       total 135168K, used 82098K [0x0000000080000000, 0x0000000088400000, 0x00000000d5580000)
  object space 135168K, 60% used [0x0000000080000000,0x000000008502c8e0,0x0000000088400000)
 Metaspace       used 93576K, capacity 97939K, committed 98072K, reserved 1134592K
  class space    used 12330K, capacity 13242K, committed 13336K, reserved 1048576K
}
Event: 907.108 GC heap before
{Heap before GC invocations=30 (full 4):
 PSYoungGen      total 404992K, used 404623K [0x00000000d5580000, 0x00000000f3280000, 0x0000000100000000)
  eden space 381952K, 99% used [0x00000000d5580000,0x00000000eca28d90,0x00000000eca80000)
  from space 23040K, 99% used [0x00000000eca80000,0x00000000ee0fb0e0,0x00000000ee100000)
  to   space 29696K, 0% used [0x00000000f1580000,0x00000000f1580000,0x00000000f3280000)
 ParOldGen       total 135168K, used 82098K [0x0000000080000000, 0x0000000088400000, 0x00000000d5580000)
  object space 135168K, 60% used [0x0000000080000000,0x000000008502c8e0,0x0000000088400000)
 Metaspace       used 102383K, capacity 107173K, committed 107416K, reserved 1142784K
  class space    used 13220K, capacity 14189K, committed 14232K, reserved 1048576K
Event: 907.170 GC heap after
Heap after GC invocations=30 (full 4):
 PSYoungGen      total 451584K, used 29687K [0x00000000d5580000, 0x00000000f3a00000, 0x0000000100000000)
  eden space 421888K, 0% used [0x00000000d5580000,0x00000000d5580000,0x00000000ef180000)
  from space 29696K, 99% used [0x00000000f1580000,0x00000000f327dc40,0x00000000f3280000)
  to   space 36864K, 0% used [0x00000000ef180000,0x00000000ef180000,0x00000000f1580000)
 ParOldGen       total 135168K, used 89255K [0x0000000080000000, 0x0000000088400000, 0x00000000d5580000)
  object space 135168K, 66% used [0x0000000080000000,0x0000000085729ec0,0x0000000088400000)
 Metaspace       used 102383K, capacity 107173K, committed 107416K, reserved 1142784K
  class space    used 13220K, capacity 14189K, committed 14232K, reserved 1048576K
}
Event: 912.518 GC heap before
{Heap before GC invocations=31 (full 4):
 PSYoungGen      total 451584K, used 451575K [0x00000000d5580000, 0x00000000f3a00000, 0x0000000100000000)
  eden space 421888K, 100% used [0x00000000d5580000,0x00000000ef180000,0x00000000ef180000)
  from space 29696K, 99% used [0x00000000f1580000,0x00000000f327dc40,0x00000000f3280000)
  to   space 36864K, 0% used [0x00000000ef180000,0x00000000ef180000,0x00000000f1580000)
 ParOldGen       total 135168K, used 89255K [0x0000000080000000, 0x0000000088400000, 0x00000000d5580000)
  object space 135168K, 66% used [0x0000000080000000,0x0000000085729ec0,0x0000000088400000)
 Metaspace       used 107374K, capacity 112359K, committed 112408K, reserved 1146880K
  class space    used 13821K, capacity 14852K, committed 14872K, reserved 1048576K
Event: 912.552 GC heap after
Heap after GC invocations=31 (full 4):
 PSYoungGen      total 458752K, used 17813K [0x00000000d5580000, 0x00000000f6200000, 0x0000000100000000)
  eden space 421888K, 0% used [0x00000000d5580000,0x00000000d5580000,0x00000000ef180000)
  from space 36864K, 48% used [0x00000000ef180000,0x00000000f02e56f8,0x00000000f1580000)
  to   space 35840K, 0% used [0x00000000f3f00000,0x00000000f3f00000,0x00000000f6200000)
 ParOldGen       total 135168K, used 101494K [0x0000000080000000, 0x0000000088400000, 0x00000000d5580000)
  object space 135168K, 75% used [0x0000000080000000,0x000000008631dac8,0x0000000088400000)
 Metaspace       used 107374K, capacity 112359K, committed 112408K, reserved 1146880K
  class space    used 13821K, capacity 14852K, committed 14872K, reserved 1048576K
}
Event: 922.441 GC heap before
{Heap before GC invocations=32 (full 4):
 PSYoungGen      total 458752K, used 439701K [0x00000000d5580000, 0x00000000f6200000, 0x0000000100000000)
  eden space 421888K, 100% used [0x00000000d5580000,0x00000000ef180000,0x00000000ef180000)
  from space 36864K, 48% used [0x00000000ef180000,0x00000000f02e56f8,0x00000000f1580000)
  to   space 35840K, 0% used [0x00000000f3f00000,0x00000000f3f00000,0x00000000f6200000)
 ParOldGen       total 135168K, used 101494K [0x0000000080000000, 0x0000000088400000, 0x00000000d5580000)
  object space 135168K, 75% used [0x0000000080000000,0x000000008631dac8,0x0000000088400000)
 Metaspace       used 108136K, capacity 113205K, committed 113304K, reserved 1146880K
  class space    used 13927K, capacity 14961K, committed 15000K, reserved 1048576K
Event: 922.461 GC heap after
Heap after GC invocations=32 (full 4):
 PSYoungGen      total 486912K, used 11333K [0x00000000d5580000, 0x00000000f5980000, 0x0000000100000000)
  eden space 459776K, 0% used [0x00000000d5580000,0x00000000d5580000,0x00000000f1680000)
  from space 27136K, 41% used [0x00000000f3f00000,0x00000000f4a11498,0x00000000f5980000)
  to   space 34304K, 0% used [0x00000000f1680000,0x00000000f1680000,0x00000000f3800000)
 ParOldGen       total 135168K, used 101502K [0x0000000080000000, 0x0000000088400000, 0x00000000d5580000)
  object space 135168K, 75% used [0x0000000080000000,0x000000008631fac8,0x0000000088400000)
 Metaspace       used 108136K, capacity 113205K, committed 113304K, reserved 1146880K
  class space    used 13927K, capacity 14961K, committed 15000K, reserved 1048576K
}
Event: 930.711 GC heap before
{Heap before GC invocations=33 (full 4):
 PSYoungGen      total 486912K, used 471109K [0x00000000d5580000, 0x00000000f5980000, 0x0000000100000000)
  eden space 459776K, 100% used [0x00000000d5580000,0x00000000f1680000,0x00000000f1680000)
  from space 27136K, 41% used [0x00000000f3f00000,0x00000000f4a11498,0x00000000f5980000)
  to   space 34304K, 0% used [0x00000000f1680000,0x00000000f1680000,0x00000000f3800000)
 ParOldGen       total 135168K, used 101502K [0x0000000080000000, 0x0000000088400000, 0x00000000d5580000)
  object space 135168K, 75% used [0x0000000080000000,0x000000008631fac8,0x0000000088400000)
 Metaspace       used 109124K, capacity 114171K, committed 114456K, reserved 1148928K
  class space    used 14016K, capacity 15074K, committed 15128K, reserved 1048576K
Event: 930.725 GC heap after
Heap after GC invocations=33 (full 4):
 PSYoungGen      total 494080K, used 14569K [0x00000000d5580000, 0x00000000f7980000, 0x0000000100000000)
  eden space 459776K, 0% used [0x00000000d5580000,0x00000000d5580000,0x00000000f1680000)
  from space 34304K, 42% used [0x00000000f1680000,0x00000000f24ba758,0x00000000f3800000)
  to   space 32768K, 0% used [0x00000000f5980000,0x00000000f5980000,0x00000000f7980000)
 ParOldGen       total 135168K, used 101510K [0x0000000080000000, 0x0000000088400000, 0x00000000d5580000)
  object space 135168K, 75% used [0x0000000080000000,0x0000000086321ac8,0x0000000088400000)
 Metaspace       used 109124K, capacity 114171K, committed 114456K, reserved 1148928K
  class space    used 14016K, capacity 15074K, committed 15128K, reserved 1048576K
}
Event: 936.375 GC heap before
{Heap before GC invocations=34 (full 4):
 PSYoungGen      total 494080K, used 474345K [0x00000000d5580000, 0x00000000f7980000, 0x0000000100000000)
  eden space 459776K, 100% used [0x00000000d5580000,0x00000000f1680000,0x00000000f1680000)
  from space 34304K, 42% used [0x00000000f1680000,0x00000000f24ba758,0x00000000f3800000)
  to   space 32768K, 0% used [0x00000000f5980000,0x00000000f5980000,0x00000000f7980000)
 ParOldGen       total 135168K, used 101510K [0x0000000080000000, 0x0000000088400000, 0x00000000d5580000)
  object space 135168K, 75% used [0x0000000080000000,0x0000000086321ac8,0x0000000088400000)
 Metaspace       used 115934K, capacity 121193K, committed 121496K, reserved 1155072K
  class space    used 14705K, capacity 15762K, committed 15768K, reserved 1048576K

